0 info it worked if it ends with ok
1 verbose cli [ 'node',
1 verbose cli   'C:\\Users\\sbs4fe\\AppData\\Roaming\\npm\\node_modules\\npm\\bin\\npm-cli.js',
1 verbose cli   'install',
1 verbose cli   'gulp-exec' ]
2 info using npm@2.11.3
3 info using node@v0.12.0
4 verbose install initial load of C:\Users\sbs4fe\Development\Projects\Ionic-Weather-Application\package.json
5 warn package.json ionicweatherapp@1.0.0 No repository field.
6 warn package.json ionicweatherapp@1.0.0 No license field.
7 verbose installManyTop reading scoped package data from C:\Users\sbs4fe\Development\Projects\Ionic-Weather-Application\node_modules\bower\package.json
8 verbose installManyTop reading scoped package data from C:\Users\sbs4fe\Development\Projects\Ionic-Weather-Application\node_modules\gulp\package.json
9 verbose installManyTop reading scoped package data from C:\Users\sbs4fe\Development\Projects\Ionic-Weather-Application\node_modules\gulp-concat\package.json
10 verbose installManyTop reading scoped package data from C:\Users\sbs4fe\Development\Projects\Ionic-Weather-Application\node_modules\gulp-jshint\package.json
11 verbose installManyTop reading scoped package data from C:\Users\sbs4fe\Development\Projects\Ionic-Weather-Application\node_modules\gulp-minify-css\package.json
12 verbose installManyTop reading scoped package data from C:\Users\sbs4fe\Development\Projects\Ionic-Weather-Application\node_modules\gulp-order\package.json
13 verbose installManyTop reading scoped package data from C:\Users\sbs4fe\Development\Projects\Ionic-Weather-Application\node_modules\gulp-rename\package.json
14 verbose installManyTop reading scoped package data from C:\Users\sbs4fe\Development\Projects\Ionic-Weather-Application\node_modules\gulp-sass\package.json
15 verbose installManyTop reading scoped package data from C:\Users\sbs4fe\Development\Projects\Ionic-Weather-Application\node_modules\gulp-uglify\package.json
16 verbose installManyTop reading scoped package data from C:\Users\sbs4fe\Development\Projects\Ionic-Weather-Application\node_modules\gulp-util\package.json
17 verbose installManyTop reading scoped package data from C:\Users\sbs4fe\Development\Projects\Ionic-Weather-Application\node_modules\jshint-stylish\package.json
18 verbose installManyTop reading scoped package data from C:\Users\sbs4fe\Development\Projects\Ionic-Weather-Application\node_modules\shelljs\package.json
19 info package.json bower@1.4.1 No license field.
20 info package.json gulp-rename@1.2.2 No license field.
21 info package.json gulp-util@2.2.20 No license field.
22 info package.json shelljs@0.3.0 license should be a valid SPDX license expression
23 info package.json gulp-minify-css@0.3.13 No license field.
24 info package.json gulp-order@1.1.1 license should be a valid SPDX license expression
25 verbose readDependencies loading dependencies from C:\Users\sbs4fe\Development\Projects\Ionic-Weather-Application\package.json
26 silly cache add args [ 'gulp-exec', null ]
27 verbose cache add spec gulp-exec
28 silly cache add parsed spec { raw: 'gulp-exec',
28 silly cache add   scope: null,
28 silly cache add   name: 'gulp-exec',
28 silly cache add   rawSpec: '',
28 silly cache add   spec: '*',
28 silly cache add   type: 'range' }
29 silly addNamed gulp-exec@*
30 verbose addNamed "*" is a valid semver range for gulp-exec
31 silly addNameRange { name: 'gulp-exec', range: '*', hasData: false }
32 silly mapToRegistry name gulp-exec
33 silly mapToRegistry using default registry
34 silly mapToRegistry registry http://beat-artifactory.de.bosch.com/artifactory/api/npm/npmjs-remote
35 silly mapToRegistry uri http://beat-artifactory.de.bosch.com/artifactory/api/npm/npmjs-remote/gulp-exec
36 verbose addNameRange registry:http://beat-artifactory.de.bosch.com/artifactory/api/npm/npmjs-remote/gulp-exec not in flight; fetching
37 verbose request uri http://beat-artifactory.de.bosch.com/artifactory/api/npm/npmjs-remote/gulp-exec
38 verbose request no auth needed
39 info attempt registry request try #1 at 16:44:06
40 verbose request id be9d9ec15623fd03
41 http request GET http://beat-artifactory.de.bosch.com/artifactory/api/npm/npmjs-remote/gulp-exec
42 http 404 http://beat-artifactory.de.bosch.com/artifactory/api/npm/npmjs-remote/gulp-exec
43 verbose headers { date: 'Thu, 02 Jul 2015 14:44:06 GMT',
43 verbose headers   server: 'Artifactory/3.5.2',
43 verbose headers   'x-artifactory-id': '4dad5dddab329f45:5ac0dc17:14dece6d4d9:-8000',
43 verbose headers   'content-type': 'application/json',
43 verbose headers   'transfer-encoding': 'chunked',
43 verbose headers   connection: 'Keep-Alive' }
44 silly get cb [ 404,
44 silly get   { date: 'Thu, 02 Jul 2015 14:44:06 GMT',
44 silly get     server: 'Artifactory/3.5.2',
44 silly get     'x-artifactory-id': '4dad5dddab329f45:5ac0dc17:14dece6d4d9:-8000',
44 silly get     'content-type': 'application/json',
44 silly get     'transfer-encoding': 'chunked',
44 silly get     connection: 'Keep-Alive' } ]
45 verbose stack Error: 404 Not Found: gulp-exec
45 verbose stack     at CachingRegistryClient.<anonymous> (C:\Users\sbs4fe\AppData\Roaming\npm\node_modules\npm\node_modules\npm-registry-client\lib\request.js:245:14)
45 verbose stack     at Request._callback (C:\Users\sbs4fe\AppData\Roaming\npm\node_modules\npm\node_modules\npm-registry-client\lib\request.js:170:14)
45 verbose stack     at Request.self.callback (C:\Users\sbs4fe\AppData\Roaming\npm\node_modules\npm\node_modules\request\request.js:354:22)
45 verbose stack     at Request.emit (events.js:110:17)
45 verbose stack     at Request.<anonymous> (C:\Users\sbs4fe\AppData\Roaming\npm\node_modules\npm\node_modules\request\request.js:1207:14)
45 verbose stack     at Request.emit (events.js:129:20)
45 verbose stack     at IncomingMessage.<anonymous> (C:\Users\sbs4fe\AppData\Roaming\npm\node_modules\npm\node_modules\request\request.js:1153:12)
45 verbose stack     at IncomingMessage.emit (events.js:129:20)
45 verbose stack     at _stream_readable.js:908:16
45 verbose stack     at process._tickCallback (node.js:355:11)
46 verbose statusCode 404
47 verbose pkgid gulp-exec
48 verbose cwd C:\Users\sbs4fe\Development\Projects\Ionic-Weather-Application
49 error Windows_NT 6.1.7601
50 error argv "node" "C:\\Users\\sbs4fe\\AppData\\Roaming\\npm\\node_modules\\npm\\bin\\npm-cli.js" "install" "gulp-exec"
51 error node v0.12.0
52 error npm  v2.11.3
53 error code E404
54 error 404 Not Found: gulp-exec
54 error 404
54 error 404 'gulp-exec' is not in the npm registry.
54 error 404 You should bug the author to publish it (or use the name yourself!)
54 error 404 It was specified as a dependency of 'ionicweatherapp'
54 error 404
54 error 404 Note that you can also install from a
54 error 404 tarball, folder, http url, or git url.
55 verbose exit [ 1, true ]
